****************************************************
****************************************************
FISHR LOG FILE INFORMATION

Program working directory was: /home/piyush/Documents/IBG-FISHR-GITHUB/IBG-FULLPIPELINE/IBG-FULL-PIPELINE 
Program version was: ./binaries/FISHR2 
Program options:
-bmatch file: ./src/Beagle.Phased.Group2.1k.bmatch 
-bmid file: ./src/Beagle.Phased.Group2.1k.bmid 
-bsid file: ./src/Beagle.Phased.Group2.1k.bsid 
-ped file: ./src/Beagle.Phased.Group2.1k.ped 
-output type: finalOutput 
- missing SNP representation in pedfile:  
-log file: logs 
min snp length : 64 
min cm length : 3 
gap to consolidate : 100 
moving averages window size : 50 
discard ends to calculate pct err : 50
user did not supply a percentage error threshold: NA
user supplied empirical-pie-threshold: 0.015
user supplied ma threshold: 0.2
user did not supply an empirical-ma-threshold: NA


**********Parameters used in program**********

Moving Averages will be tested usign the empirical threshold: 0
empirical pie threshold is : 0.0149999997 

**********************************************


The total number of SH in the input file was: 153
Number of Consolidations: 11
Number of matches removed due to initial length: 0
No of matches removed due to length of trimming by moving averages: 76
No of matches removed due to percentage error: 0
Total number of SH that were not dropped is: 66


 The program started at: Sun Nov 20 22:24:04 2016         The program ended at: Sun Nov 20 22:24:05 2016           Total time ( in seconds): 1
